2020/12/31/15:05
업데이트를 시작하겠습니다.
워프레임 업데이트 중입니다.....
loki_prime_set 업데이트를 하였습니다.
0% 완료했습니다. 시간: 3초
dethcube_prime_set 업데이트를 하였습니다.
3% 완료했습니다. 시간: 4초
wyrm_prime_set 업데이트를 하였습니다.
6% 완료했습니다. 시간: 6초
helios_prime_set 업데이트를 하였습니다.
9% 완료했습니다. 시간: 7초
carrier_prime_set 업데이트를 하였습니다.
12% 완료했습니다. 시간: 9초
nezha_prime_set 업데이트를 하였습니다.
15% 완료했습니다. 시간: 10초
titania_prime_set 업데이트를 하였습니다.
18% 완료했습니다. 시간: 11초
equinox_prime_set 업데이트를 하였습니다.
21% 완료했습니다. 시간: 13초
rhino_prime_set 업데이트를 하였습니다.
24% 완료했습니다. 시간: 16초
mesa_prime_set 업데이트를 하였습니다.
27% 완료했습니다. 시간: 18초
ember_prime_set 업데이트를 하였습니다.
30% 완료했습니다. 시간: 21초
limbo_prime_set 업데이트를 하였습니다.
33% 완료했습니다. 시간: 24초
ivara_prime_set 업데이트를 하였습니다.
36% 완료했습니다. 시간: 26초
chroma_prime_set 업데이트를 하였습니다.
39% 완료했습니다. 시간: 28초
nyx_prime_set 업데이트를 하였습니다.
42% 완료했습니다. 시간: 31초
frost_prime_set 업데이트를 하였습니다.
45% 완료했습니다. 시간: 33초
trinity_prime_set 업데이트를 하였습니다.
48% 완료했습니다. 시간: 36초
hydroid_prime_set 업데이트를 하였습니다.
52% 완료했습니다. 시간: 38초
nova_prime_set 업데이트를 하였습니다.
55% 완료했습니다. 시간: 41초
saryn_prime_set 업데이트를 하였습니다.
58% 완료했습니다. 시간: 42초
mirage_prime_set 업데이트를 하였습니다.
61% 완료했습니다. 시간: 45초
valkyr_prime_set 업데이트를 하였습니다.
64% 완료했습니다. 시간: 48초
mag_prime_set 업데이트를 하였습니다.
67% 완료했습니다. 시간: 50초
ash_prime_set 업데이트를 하였습니다.
70% 완료했습니다. 시간: 53초
zephyr_prime_set 업데이트를 하였습니다.
73% 완료했습니다. 시간: 55초
wukong_prime_set 업데이트를 하였습니다.
76% 완료했습니다. 시간: 58초
vauban_prime_set 업데이트를 하였습니다.
79% 완료했습니다. 시간: 60초
banshee_prime_set 업데이트를 하였습니다.
82% 완료했습니다. 시간: 62초
oberon_prime_set 업데이트를 하였습니다.
85% 완료했습니다. 시간: 65초
nekros_prime_set 업데이트를 하였습니다.
88% 완료했습니다. 시간: 67초
volt_prime_set 업데이트를 하였습니다.
91% 완료했습니다. 시간: 69초
atlas_prime_set 업데이트를 하였습니다.
94% 완료했습니다. 시간: 72초
inaros_prime_set 업데이트를 하였습니다.
97% 완료했습니다. 시간: 73초
업데이트가 모두 완료했습니다.
무기 업데이트 중입니다.....
